TN:
SF:app.js
FN:61,(anonymous_0)
FN:78,(anonymous_1)
FN:100,(anonymous_2)
FN:114,(anonymous_3)
FNF:4
FNH:2
FNDA:95,(anonymous_0)
FNDA:95,(anonymous_1)
FNDA:0,(anonymous_2)
FNDA:0,(anonymous_3)
DA:7,3
DA:8,3
DA:9,3
DA:10,3
DA:12,3
DA:13,3
DA:14,3
DA:16,3
DA:17,3
DA:22,3
DA:23,3
DA:26,3
DA:27,3
DA:30,3
DA:37,3
DA:45,3
DA:61,3
DA:62,95
DA:63,95
DA:65,95
DA:78,3
DA:79,95
DA:81,95
DA:88,3
DA:89,3
DA:90,3
DA:100,3
DA:101,0
DA:105,3
DA:113,3
DA:114,0
DA:115,0
LF:32
LH:29
BRDA:17,0,0,3
BRDA:17,0,1,0
BRDA:113,1,0,0
BRDA:113,1,1,3
BRF:4
BRH:2
end_of_record
TN:
SF:config/db.js
FNF:0
FNH:0
DA:1,3
DA:2,3
DA:6,3
DA:11,3
LF:4
LH:4
BRDA:8,0,0,0
BRDA:8,0,1,3
BRF:2
BRH:1
end_of_record
TN:
SF:controllers/bookingController.js
FN:11,(anonymous_0)
FN:37,(anonymous_1)
FN:89,(anonymous_2)
FNF:3
FNH:3
FNDA:5,(anonymous_0)
FNDA:6,(anonymous_1)
FNDA:3,(anonymous_2)
DA:1,3
DA:2,3
DA:11,3
DA:12,5
DA:13,5
DA:15,5
DA:16,1
DA:20,4
DA:22,4
DA:24,0
DA:25,0
DA:37,3
DA:38,6
DA:39,6
DA:40,6
DA:43,6
DA:44,1
DA:46,1
DA:47,1
DA:50,5
DA:51,1
DA:52,1
DA:56,4
DA:58,4
DA:59,0
DA:60,0
DA:63,4
DA:66,4
DA:68,3
DA:70,3
DA:71,3
DA:73,1
DA:74,1
DA:77,0
DA:78,0
DA:89,3
DA:90,3
DA:91,3
DA:93,3
DA:94,1
DA:96,2
DA:99,2
DA:101,2
DA:102,1
DA:103,1
DA:107,1
DA:109,1
DA:110,1
DA:112,0
DA:113,0
DA:117,3
LF:51
LH:43
BRDA:15,0,0,1
BRDA:15,0,1,4
BRDA:43,1,0,1
BRDA:43,1,1,5
BRDA:50,2,0,1
BRDA:50,2,1,4
BRDA:58,3,0,0
BRDA:58,3,1,4
BRDA:66,4,0,3
BRDA:66,4,1,1
BRDA:93,5,0,1
BRDA:93,5,1,2
BRDA:101,6,0,1
BRDA:101,6,1,1
BRF:14
BRH:13
end_of_record
TN:
SF:controllers/eventController.js
FN:9,(anonymous_0)
FN:29,(anonymous_1)
FNF:2
FNH:2
FNDA:5,(anonymous_0)
FNDA:5,(anonymous_1)
DA:1,3
DA:9,3
DA:10,5
DA:12,5
DA:14,5
DA:16,0
DA:17,0
DA:29,3
DA:30,5
DA:31,5
DA:34,5
DA:37,5
DA:38,1
DA:39,1
DA:43,4
DA:44,1
DA:46,1
DA:47,1
DA:50,3
DA:52,0
DA:53,0
DA:57,3
LF:22
LH:18
BRDA:37,0,0,1
BRDA:37,0,1,4
BRDA:43,1,0,1
BRDA:43,1,1,3
BRF:4
BRH:4
end_of_record
TN:
SF:controllers/userController.js
FN:9,(anonymous_0)
FN:20,(anonymous_1)
FN:46,(anonymous_2)
FN:58,(anonymous_3)
FN:101,(anonymous_4)
FN:123,(anonymous_5)
FN:165,(anonymous_6)
FN:198,(anonymous_7)
FN:239,(anonymous_8)
FN:267,(anonymous_9)
FNF:10
FNH:10
FNDA:1,(anonymous_0)
FNDA:26,(anonymous_1)
FNDA:2,(anonymous_2)
FNDA:24,(anonymous_3)
FNDA:2,(anonymous_4)
FNDA:4,(anonymous_5)
FNDA:3,(anonymous_6)
FNDA:4,(anonymous_7)
FNDA:2,(anonymous_8)
FNDA:3,(anonymous_9)
DA:1,3
DA:2,3
DA:9,3
DA:10,1
DA:20,3
DA:21,26
DA:22,26
DA:24,26
DA:25,1
DA:26,1
DA:29,25
DA:31,25
DA:33,25
DA:34,25
DA:36,0
DA:37,0
DA:46,3
DA:47,2
DA:58,3
DA:59,24
DA:60,24
DA:62,24
DA:63,0
DA:64,0
DA:68,24
DA:70,24
DA:71,1
DA:72,1
DA:75,23
DA:77,23
DA:78,1
DA:79,1
DA:82,22
DA:85,22
DA:86,22
DA:88,22
DA:89,22
DA:91,0
DA:92,0
DA:101,3
DA:102,2
DA:103,2
DA:104,1
DA:106,1
DA:108,1
DA:109,1
DA:111,0
DA:112,0
DA:123,3
DA:124,4
DA:125,4
DA:126,4
DA:128,4
DA:129,1
DA:130,1
DA:133,3
DA:134,1
DA:135,1
DA:138,2
DA:140,2
DA:142,2
DA:143,1
DA:144,1
DA:147,1
DA:149,1
DA:151,1
DA:152,1
DA:155,0
DA:156,0
DA:165,3
DA:166,3
DA:167,3
DA:168,3
DA:170,3
DA:171,1
DA:172,1
DA:175,2
DA:176,1
DA:177,1
DA:180,1
DA:182,1
DA:183,1
DA:186,0
DA:187,0
DA:198,3
DA:199,4
DA:200,4
DA:202,4
DA:203,1
DA:204,1
DA:207,3
DA:209,3
DA:210,1
DA:211,1
DA:214,2
DA:216,2
DA:217,1
DA:218,1
DA:221,1
DA:223,1
DA:224,1
DA:227,0
DA:228,0
DA:239,3
DA:240,2
DA:241,2
DA:243,2
DA:244,1
DA:245,1
DA:248,1
DA:250,1
DA:251,1
DA:253,1
DA:254,1
DA:257,0
DA:258,0
DA:267,3
DA:268,3
DA:269,3
DA:271,3
DA:272,1
DA:273,1
DA:276,2
DA:278,2
DA:280,0
DA:281,0
DA:285,3
LF:127
LH:109
BRDA:24,0,0,1
BRDA:24,0,1,25
BRDA:24,1,0,26
BRDA:24,1,1,26
BRDA:24,1,2,26
BRDA:62,2,0,0
BRDA:62,2,1,24
BRDA:62,3,0,24
BRDA:62,3,1,24
BRDA:70,4,0,1
BRDA:70,4,1,23
BRDA:77,5,0,1
BRDA:77,5,1,22
BRDA:85,6,0,22
BRDA:85,6,1,22
BRDA:103,7,0,1
BRDA:103,7,1,1
BRDA:128,8,0,1
BRDA:128,8,1,3
BRDA:133,9,0,1
BRDA:133,9,1,2
BRDA:133,10,0,3
BRDA:133,10,1,3
BRDA:142,11,0,1
BRDA:142,11,1,1
BRDA:170,12,0,1
BRDA:170,12,1,2
BRDA:175,13,0,1
BRDA:175,13,1,1
BRDA:202,14,0,1
BRDA:202,14,1,3
BRDA:209,15,0,1
BRDA:209,15,1,2
BRDA:216,16,0,1
BRDA:216,16,1,1
BRDA:243,17,0,1
BRDA:243,17,1,1
BRDA:271,18,0,1
BRDA:271,18,1,2
BRF:39
BRH:38
end_of_record
TN:
SF:models/Booking.js
FN:15,(anonymous_0)
FN:33,(anonymous_1)
FN:48,(anonymous_2)
FN:67,(anonymous_3)
FNF:4
FNH:4
FNDA:4,(anonymous_0)
FNDA:2,(anonymous_1)
FNDA:3,(anonymous_2)
FNDA:1,(anonymous_3)
DA:6,3
DA:8,3
DA:16,4
DA:23,4
DA:34,2
DA:38,2
DA:49,3
DA:54,3
DA:68,1
DA:73,1
DA:80,3
LF:11
LH:11
BRF:0
BRH:0
end_of_record
TN:
SF:models/Event.js
FN:13,(anonymous_0)
FN:25,(anonymous_1)
FNF:2
FNH:2
FNDA:5,(anonymous_0)
FNDA:9,(anonymous_1)
DA:6,3
DA:8,3
DA:14,5
DA:17,5
DA:26,9
DA:30,9
DA:34,3
LF:7
LH:7
BRF:0
BRH:0
end_of_record
TN:
SF:models/User.js
FN:16,(anonymous_0)
FN:29,(anonymous_1)
FN:42,(anonymous_2)
FN:56,(anonymous_3)
FN:69,(anonymous_4)
FN:83,(anonymous_5)
FN:97,(anonymous_6)
FN:109,(anonymous_7)
FNF:8
FNH:8
FNDA:25,(anonymous_0)
FNDA:24,(anonymous_1)
FNDA:4,(anonymous_2)
FNDA:1,(anonymous_3)
FNDA:1,(anonymous_4)
FNDA:2,(anonymous_5)
FNDA:1,(anonymous_6)
FNDA:1,(anonymous_7)
DA:6,3
DA:8,3
DA:17,25
DA:21,25
DA:30,24
DA:34,24
DA:43,4
DA:47,4
DA:57,1
DA:70,1
DA:84,2
DA:88,2
DA:98,1
DA:111,1
DA:112,1
DA:116,3
LF:16
LH:16
BRF:0
BRH:0
end_of_record
TN:
SF:routes/bookingRoutes
FNF:0
FNH:0
DA:1,3
DA:2,3
DA:4,3
DA:6,3
DA:7,3
DA:8,3
DA:10,3
LF:7
LH:7
BRF:0
BRH:0
end_of_record
TN:
SF:routes/eventRoutes.js
FNF:0
FNH:0
DA:1,3
DA:2,3
DA:4,3
DA:6,3
DA:7,3
DA:9,3
LF:6
LH:6
BRF:0
BRH:0
end_of_record
TN:
SF:routes/userRoutes.js
FNF:0
FNH:0
DA:1,3
DA:2,3
DA:4,3
DA:6,3
DA:7,3
DA:8,3
DA:9,3
DA:10,3
DA:11,3
DA:12,3
DA:13,3
DA:14,3
DA:15,3
DA:18,3
LF:14
LH:14
BRF:0
BRH:0
end_of_record
